CRITICAL - 2022-02-24 08:40:43 --> Undefined variable: clientes
#0 C:\laragon\www\gym\app\Controllers\Cliente.php(16): CodeIgniter\Debug\Exceptions->errorHandler(8, 'Undefined varia...', 'C:\\laragon\\www\\...', 16, Array)
#1 C:\laragon\www\gym\system\CodeIgniter.php(825): App\Controllers\Cliente->index()
#2 C:\laragon\www\gym\system\CodeIgniter.php(412): CodeIgniter\CodeIgniter->runController(Object(App\Controllers\Cliente))
#3 C:\laragon\www\gym\system\CodeIgniter.php(320): CodeIgniter\CodeIgniter->handleRequest(NULL, Object(Config\Cache), false)
#4 C:\laragon\www\gym\public\index.php(37): CodeIgniter\CodeIgniter->run()
#5 {main}
CRITICAL - 2022-02-24 09:03:46 --> Declaration of App\Controllers\Cliente::show($id) should be compatible with CodeIgniter\RESTful\ResourceController::show($id = NULL)
#0 C:\laragon\www\gym\app\Controllers\Cliente.php(6): CodeIgniter\Debug\Exceptions->errorHandler(2, 'Declaration of ...', 'C:\\laragon\\www\\...', 19, Array)
#1 C:\laragon\www\gym\system\Autoloader\Autoloader.php(264): include_once('C:\\laragon\\www\\...')
#2 C:\laragon\www\gym\system\Autoloader\Autoloader.php(241): CodeIgniter\Autoloader\Autoloader->includeFile('C:\\laragon\\www\\...')
#3 C:\laragon\www\gym\system\Autoloader\Autoloader.php(219): CodeIgniter\Autoloader\Autoloader->loadInNamespace('App\\Controllers...')
#4 [internal function]: CodeIgniter\Autoloader\Autoloader->loadClass('App\\Controllers...')
#5 [internal function]: spl_autoload_call('App\\Controllers...')
#6 C:\laragon\www\gym\system\CodeIgniter.php(790): class_exists('\\App\\Controller...', true)
#7 C:\laragon\www\gym\system\CodeIgniter.php(399): CodeIgniter\CodeIgniter->startController()
#8 C:\laragon\www\gym\system\CodeIgniter.php(320): CodeIgniter\CodeIgniter->handleRequest(NULL, Object(Config\Cache), false)
#9 C:\laragon\www\gym\public\index.php(37): CodeIgniter\CodeIgniter->run()
#10 {main}
CRITICAL - 2022-02-24 09:04:16 --> Declaration of App\Controllers\Cliente::show($id) should be compatible with CodeIgniter\RESTful\ResourceController::show($id = NULL)
#0 C:\laragon\www\gym\app\Controllers\Cliente.php(6): CodeIgniter\Debug\Exceptions->errorHandler(2, 'Declaration of ...', 'C:\\laragon\\www\\...', 19, Array)
#1 C:\laragon\www\gym\system\Autoloader\Autoloader.php(264): include_once('C:\\laragon\\www\\...')
#2 C:\laragon\www\gym\system\Autoloader\Autoloader.php(241): CodeIgniter\Autoloader\Autoloader->includeFile('C:\\laragon\\www\\...')
#3 C:\laragon\www\gym\system\Autoloader\Autoloader.php(219): CodeIgniter\Autoloader\Autoloader->loadInNamespace('App\\Controllers...')
#4 [internal function]: CodeIgniter\Autoloader\Autoloader->loadClass('App\\Controllers...')
#5 [internal function]: spl_autoload_call('App\\Controllers...')
#6 C:\laragon\www\gym\system\CodeIgniter.php(790): class_exists('\\App\\Controller...', true)
#7 C:\laragon\www\gym\system\CodeIgniter.php(399): CodeIgniter\CodeIgniter->startController()
#8 C:\laragon\www\gym\system\CodeIgniter.php(320): CodeIgniter\CodeIgniter->handleRequest(NULL, Object(Config\Cache), false)
#9 C:\laragon\www\gym\public\index.php(37): CodeIgniter\CodeIgniter->run()
#10 {main}
