ERROR - 2022-03-03 09:28:45 --> Duplicate entry '622123' for key 'entrenadores.telefono'
CRITICAL - 2022-03-03 09:28:45 --> Duplicate entry '622123' for key 'entrenadores.telefono'
#0 C:\laragon\www\gym\system\Database\MySQLi\Connection.php(292): mysqli->query('INSERT INTO `en...', 0)
#1 C:\laragon\www\gym\system\Database\BaseConnection.php(670): CodeIgniter\Database\MySQLi\Connection->execute('INSERT INTO `en...')
#2 C:\laragon\www\gym\system\Database\BaseConnection.php(598): CodeIgniter\Database\BaseConnection->simpleQuery('INSERT INTO `en...')
#3 C:\laragon\www\gym\system\Database\BaseBuilder.php(1771): CodeIgniter\Database\BaseConnection->query('INSERT INTO `en...', Array, false)
#4 C:\laragon\www\gym\system\Model.php(239): CodeIgniter\Database\BaseBuilder->insert()
#5 C:\laragon\www\gym\system\BaseModel.php(738): CodeIgniter\Model->doInsert(Array)
#6 C:\laragon\www\gym\system\Model.php(625): CodeIgniter\BaseModel->insert(Array, true)
#7 C:\laragon\www\gym\app\Controllers\Entrenador.php(41): CodeIgniter\Model->insert(Array)
#8 C:\laragon\www\gym\system\CodeIgniter.php(825): App\Controllers\Entrenador->create()
#9 C:\laragon\www\gym\system\CodeIgniter.php(412): CodeIgniter\CodeIgniter->runController(Object(App\Controllers\Entrenador))
#10 C:\laragon\www\gym\system\CodeIgniter.php(320): CodeIgniter\CodeIgniter->handleRequest(NULL, Object(Config\Cache), false)
#11 C:\laragon\www\gym\public\index.php(37): CodeIgniter\CodeIgniter->run()
#12 {main}
ERROR - 2022-03-03 09:29:43 --> Duplicate entry '6221234' for key 'entrenadores.telefono'
CRITICAL - 2022-03-03 09:29:43 --> Duplicate entry '6221234' for key 'entrenadores.telefono'
#0 C:\laragon\www\gym\system\Database\MySQLi\Connection.php(292): mysqli->query('INSERT INTO `en...', 0)
#1 C:\laragon\www\gym\system\Database\BaseConnection.php(670): CodeIgniter\Database\MySQLi\Connection->execute('INSERT INTO `en...')
#2 C:\laragon\www\gym\system\Database\BaseConnection.php(598): CodeIgniter\Database\BaseConnection->simpleQuery('INSERT INTO `en...')
#3 C:\laragon\www\gym\system\Database\BaseBuilder.php(1771): CodeIgniter\Database\BaseConnection->query('INSERT INTO `en...', Array, false)
#4 C:\laragon\www\gym\system\Model.php(239): CodeIgniter\Database\BaseBuilder->insert()
#5 C:\laragon\www\gym\system\BaseModel.php(738): CodeIgniter\Model->doInsert(Array)
#6 C:\laragon\www\gym\system\Model.php(625): CodeIgniter\BaseModel->insert(Array, true)
#7 C:\laragon\www\gym\app\Controllers\Entrenador.php(41): CodeIgniter\Model->insert(Array)
#8 C:\laragon\www\gym\system\CodeIgniter.php(825): App\Controllers\Entrenador->create()
#9 C:\laragon\www\gym\system\CodeIgniter.php(412): CodeIgniter\CodeIgniter->runController(Object(App\Controllers\Entrenador))
#10 C:\laragon\www\gym\system\CodeIgniter.php(320): CodeIgniter\CodeIgniter->handleRequest(NULL, Object(Config\Cache), false)
#11 C:\laragon\www\gym\public\index.php(37): CodeIgniter\CodeIgniter->run()
#12 {main}
